<?xml version="1.0" encoding="UTF-8"?>
<testsuite xmlns:xsi="http://www.w3.org/2001/XMLSchema-instance" xsi:schemaLocation="https://maven.apache.org/surefire/maven-surefire-plugin/xsd/surefire-test-report.xsd" name="TestSuite" time="124.559" tests="1" errors="0" skipped="0" failures="1">
  <properties>
[...]
</properties>
  <testcase name="feature" classname="com.travelex.runner.SuiteRunner" time="122.078">
    <failure message="org.openqa.selenium.remote.UnreachableBrowserException: Error communicating with the remote browser. It may have died.&#10;Build info: version: &apos;2.53.1&apos;, revision: &apos;a36b8b1cd5757287168e54b817830adce9b0158d&apos;, time: &apos;2016-06-30 19:26:09&apos;&#10;System info: host: &apos;DESKTOP-PCC37BG&apos;, ip: &apos;192.168.0.4&apos;, os.name: &apos;Windows 10&apos;, os.arch: &apos;amd64&apos;, os.version: &apos;10.0&apos;, java.version: &apos;1.8.0_101&apos;&#10;Driver info: driver.version: RemoteWebDriver&#10;Capabilities [{applicationCacheEnabled=true, rotatable=false, handlesAlerts=true, databaseEnabled=true, version=44.0, platform=WINDOWS, nativeEvents=false, acceptSslCerts=true, webStorageEnabled=true, locationContextEnabled=true, browserName=firefox, takesScreenshot=true, javascriptEnabled=true, cssSelectorsEnabled=true}]&#10;Session ID: bfbb254c-11bf-42e1-b698-4998fa60a79a" type="cucumber.runtime.CucumberException">cucumber.runtime.CucumberException: 
org.openqa.selenium.remote.UnreachableBrowserException: Error communicating with the remote browser. It may have died.
Build info: version: '2.53.1', revision: 'a36b8b1cd5757287168e54b817830adce9b0158d', time: '2016-06-30 19:26:09'
System info: host: 'DESKTOP-PCC37BG', ip: '192.168.0.4', os.name: 'Windows 10', os.arch: 'amd64', os.version: '10.0', java.version: '1.8.0_101'
Driver info: driver.version: RemoteWebDriver
Capabilities [{applicationCacheEnabled=true, rotatable=false, handlesAlerts=true, databaseEnabled=true, version=44.0, platform=WINDOWS, nativeEvents=false, acceptSslCerts=true, webStorageEnabled=true, locationContextEnabled=true, browserName=firefox, takesScreenshot=true, javascriptEnabled=true, cssSelectorsEnabled=true}]
Session ID: bfbb254c-11bf-42e1-b698-4998fa60a79a
Caused by: org.openqa.selenium.remote.UnreachableBrowserException: 
Error communicating with the remote browser. It may have died.
Build info: version: '2.53.1', revision: 'a36b8b1cd5757287168e54b817830adce9b0158d', time: '2016-06-30 19:26:09'
System info: host: 'DESKTOP-PCC37BG', ip: '192.168.0.4', os.name: 'Windows 10', os.arch: 'amd64', os.version: '10.0', java.version: '1.8.0_101'
Driver info: driver.version: RemoteWebDriver
Capabilities [{applicationCacheEnabled=true, rotatable=false, handlesAlerts=true, databaseEnabled=true, version=44.0, platform=WINDOWS, nativeEvents=false, acceptSslCerts=true, webStorageEnabled=true, locationContextEnabled=true, browserName=firefox, takesScreenshot=true, javascriptEnabled=true, cssSelectorsEnabled=true}]
Session ID: bfbb254c-11bf-42e1-b698-4998fa60a79a
Caused by: org.apache.http.conn.HttpHostConnectException: Connect to 127.0.0.1:7056 [/127.0.0.1] failed: Connection refused: connect
Caused by: java.net.ConnectException: Connection refused: connect
</failure>
    <system-out><![CDATA[Feature: Buying Currency Widget

  Scenario Outline: Customers should be able to buy currency                                                                            # BuyCurrency.feature:3
    Given A webbroswer is at the travelex website
    When A customer choose country "<country>" from dropdown
    And Customer enter how much amount "<amount>" they like
    And Customer optin cash and clicks on Buy Cash
    And Customer enter postcode "<postcode>" and clikc on find store
    And Customer choose nearest location and choose date and click next
    And Customer enter "<title>" , "<firstname>" , "<lastname>" , "<phonenumber>" , "<addphonenumber>" , "<email>" , "<confirmemail>" ,

    Examples: 

  Scenario Outline: Customers should be able to buy currency                                                          # BuyCurrency.feature:18
    Given A webbroswer is at the travelex website                                                                     # HomePageStepDefinitions.a_webbroswer_is_at_the_travelex_website()
    When A customer choose country "Euro - (EUR)" from dropdown                                                       # HomePageStepDefinitions.a_customer_choose_country_from_dropdown(String)
    And Customer enter how much amount "2000" they like                                                               # HomePageStepDefinitions.customer_enter_how_much_amount_they_like(String)
    And Customer optin cash and clicks on Buy Cash                                                                    # HomePageStepDefinitions.customer_optin_cash_and_clicks_on_Buy_Cash()
    And Customer enter postcode "E12 6NU" and clikc on find store                                                     # MyOrderstepdefinitions.customer_enter_postcode_and_clikc_on_find_store(String)
    And Customer choose nearest location and choose date and click next                                               # MyOrderstepdefinitions.customer_choose_nearest_location_and_choose_date_and_click_next()
    And Customer enter "Mr." , "test" , "testing" , "07809123456" , "07809123456" , "nn@gmail.com" , "nn@gmail.com" , # PaymentStepdefinitions.customer_enter(String,String,String,String,String,String,String)

  Scenario Outline: Customers should be able to buy currency                                                            # BuyCurrency.feature:19
    Given A webbroswer is at the travelex website                                                                       # HomePageStepDefinitions.a_webbroswer_is_at_the_travelex_website()
    When A customer choose country "USA - U.S. Dollar (USD)" from dropdown                                              # HomePageStepDefinitions.a_customer_choose_country_from_dropdown(String)
    And Customer enter how much amount "3000" they like                                                                 # HomePageStepDefinitions.customer_enter_how_much_amount_they_like(String)
    And Customer optin cash and clicks on Buy Cash                                                                      # HomePageStepDefinitions.customer_optin_cash_and_clicks_on_Buy_Cash()
    And Customer enter postcode "E12 6NU" and clikc on find store                                                       # MyOrderstepdefinitions.customer_enter_postcode_and_clikc_on_find_store(String)
    And Customer choose nearest location and choose date and click next                                                 # MyOrderstepdefinitions.customer_choose_nearest_location_and_choose_date_and_click_next()
    And Customer enter "Miss." , "test" , "testing" , "07809123456" , "07809123456" , "nn@gmail.com" , "nn@gmail.com" , # PaymentStepdefinitions.customer_enter(String,String,String,String,String,String,String)

  Scenario Outline: Customers should be able to buy currency                                                           # BuyCurrency.feature:20
    Given A webbroswer is at the travelex website                                                                      # HomePageStepDefinitions.a_webbroswer_is_at_the_travelex_website()
    When A customer choose country "Australia - Australian Dollar (AUD)" from dropdown                                 # HomePageStepDefinitions.a_customer_choose_country_from_dropdown(String)
    And Customer enter how much amount "4000" they like                                                                # HomePageStepDefinitions.customer_enter_how_much_amount_they_like(String)
    And Customer optin cash and clicks on Buy Cash                                                                     # HomePageStepDefinitions.customer_optin_cash_and_clicks_on_Buy_Cash()
    And Customer enter postcode "E12 6NU" and clikc on find store                                                      # MyOrderstepdefinitions.customer_enter_postcode_and_clikc_on_find_store(String)
    And Customer choose nearest location and choose date and click next                                                # MyOrderstepdefinitions.customer_choose_nearest_location_and_choose_date_and_click_next()
      org.openqa.selenium.remote.UnreachableBrowserException: Error communicating with the remote browser. It may have died.
      Build info: version: '2.53.1', revision: 'a36b8b1cd5757287168e54b817830adce9b0158d', time: '2016-06-30 19:26:09'
      System info: host: 'DESKTOP-PCC37BG', ip: '192.168.0.4', os.name: 'Windows 10', os.arch: 'amd64', os.version: '10.0', java.version: '1.8.0_101'
      Driver info: driver.version: RemoteWebDriver
      Capabilities [{applicationCacheEnabled=true, rotatable=false, handlesAlerts=true, databaseEnabled=true, version=44.0, platform=WINDOWS, nativeEvents=false, acceptSslCerts=true, webStorageEnabled=true, locationContextEnabled=true, browserName=firefox, takesScreenshot=true, javascriptEnabled=true, cssSelectorsEnabled=true}]
      Session ID: bfbb254c-11bf-42e1-b698-4998fa60a79a
      	at org.openqa.selenium.remote.RemoteWebDriver.execute(RemoteWebDriver.java:665)
      	at org.openqa.selenium.remote.RemoteWebDriver.findElement(RemoteWebDriver.java:363)
      	at org.openqa.selenium.remote.RemoteWebDriver.findElementByXPath(RemoteWebDriver.java:500)
      	at org.openqa.selenium.By$ByXPath.findElement(By.java:361)
      	at org.openqa.selenium.remote.RemoteWebDriver.findElement(RemoteWebDriver.java:355)
      	at org.openqa.selenium.support.pagefactory.DefaultElementLocator.findElement(DefaultElementLocator.java:69)
      	at org.openqa.selenium.support.pagefactory.internal.LocatingElementHandler.invoke(LocatingElementHandler.java:38)
      	at com.sun.proxy.$Proxy14.isDisplayed(Unknown Source)
      	at org.openqa.selenium.support.ui.ExpectedConditions.elementIfVisible(ExpectedConditions.java:302)
      	at org.openqa.selenium.support.ui.ExpectedConditions.access$100(ExpectedConditions.java:41)
      	at org.openqa.selenium.support.ui.ExpectedConditions$10.apply(ExpectedConditions.java:288)
      	at org.openqa.selenium.support.ui.ExpectedConditions$10.apply(ExpectedConditions.java:285)
      	at org.openqa.selenium.support.ui.FluentWait.until(FluentWait.java:238)
      	at com.travelex.base.TestBase.waitForElement(TestBase.java:104)
      	at com.travelex.pages.MyOrderPage.nearestLocation(MyOrderPage.java:44)
      	at com.travelex.stepdefinitions.MyOrderstepdefinitions.customer_choose_nearest_location_and_choose_date_and_click_next(MyOrderstepdefinitions.java:21)
      	at ?.And Customer choose nearest location and choose date and click next(BuyCurrency.feature:10)
      Caused by: org.apache.http.conn.HttpHostConnectException: Connect to 127.0.0.1:7056 [/127.0.0.1] failed: Connection refused: connect
      	at org.apache.http.impl.conn.DefaultHttpClientConnectionOperator.connect(DefaultHttpClientConnectionOperator.java:158)
      	at org.apache.http.impl.conn.PoolingHttpClientConnectionManager.connect(PoolingHttpClientConnectionManager.java:353)
      	at org.apache.http.impl.execchain.MainClientExec.establishRoute(MainClientExec.java:380)
      	at org.apache.http.impl.execchain.MainClientExec.execute(MainClientExec.java:236)
      	at org.apache.http.impl.execchain.ProtocolExec.execute(ProtocolExec.java:184)
      	at org.apache.http.impl.execchain.RetryExec.execute(RetryExec.java:88)
      	at org.apache.http.impl.execchain.RedirectExec.execute(RedirectExec.java:110)
      	at org.apache.http.impl.client.InternalHttpClient.doExecute(InternalHttpClient.java:184)
      	at org.apache.http.impl.client.CloseableHttpClient.execute(CloseableHttpClient.java:71)
      	at org.apache.http.impl.client.CloseableHttpClient.execute(CloseableHttpClient.java:55)
      	at org.openqa.selenium.remote.internal.ApacheHttpClient.fallBackExecute(ApacheHttpClient.java:162)
      	at org.openqa.selenium.remote.internal.ApacheHttpClient.execute(ApacheHttpClient.java:90)
      	at org.openqa.selenium.remote.HttpCommandExecutor.execute(HttpCommandExecutor.java:142)
      	at org.openqa.selenium.firefox.internal.NewProfileExtensionConnection.execute(NewProfileExtensionConnection.java:160)
      	at org.openqa.selenium.firefox.FirefoxDriver$LazyCommandExecutor.execute(FirefoxDriver.java:380)
      	at org.openqa.selenium.remote.RemoteWebDriver.execute(RemoteWebDriver.java:644)
      	at org.openqa.selenium.remote.RemoteWebDriver.findElement(RemoteWebDriver.java:363)
      	at org.openqa.selenium.remote.RemoteWebDriver.findElementByXPath(RemoteWebDriver.java:500)
      	at org.openqa.selenium.By$ByXPath.findElement(By.java:361)
      	at org.openqa.selenium.remote.RemoteWebDriver.findElement(RemoteWebDriver.java:355)
      	at org.openqa.selenium.support.pagefactory.DefaultElementLocator.findElement(DefaultElementLocator.java:69)
      	at org.openqa.selenium.support.pagefactory.internal.LocatingElementHandler.invoke(LocatingElementHandler.java:38)
      	at com.sun.proxy.$Proxy14.isDisplayed(Unknown Source)
      	at org.openqa.selenium.support.ui.ExpectedConditions.elementIfVisible(ExpectedConditions.java:302)
      	at org.openqa.selenium.support.ui.ExpectedConditions.access$100(ExpectedConditions.java:41)
      	at org.openqa.selenium.support.ui.ExpectedConditions$10.apply(ExpectedConditions.java:288)
      	at org.openqa.selenium.support.ui.ExpectedConditions$10.apply(ExpectedConditions.java:285)
      	at org.openqa.selenium.support.ui.FluentWait.until(FluentWait.java:238)
      	at com.travelex.base.TestBase.waitForElement(TestBase.java:104)
      	at com.travelex.pages.MyOrderPage.nearestLocation(MyOrderPage.java:44)
      	at com.travelex.stepdefinitions.MyOrderstepdefinitions.customer_choose_nearest_location_and_choose_date_and_click_next(MyOrderstepdefinitions.java:21)
      	at sun.reflect.NativeMethodAccessorImpl.invoke0(Native Method)
      	at sun.reflect.NativeMethodAccessorImpl.invoke(NativeMethodAccessorImpl.java:62)
      	at sun.reflect.DelegatingMethodAccessorImpl.invoke(DelegatingMethodAccessorImpl.java:43)
      	at java.lang.reflect.Method.invoke(Method.java:498)
      	at cucumber.runtime.Utils$1.call(Utils.java:40)
      	at cucumber.runtime.Timeout.timeout(Timeout.java:16)
      	at cucumber.runtime.Utils.invoke(Utils.java:34)
      	at cucumber.runtime.java.JavaStepDefinition.execute(JavaStepDefinition.java:38)
      	at cucumber.runtime.StepDefinitionMatch.runStep(StepDefinitionMatch.java:37)
      	at cucumber.runtime.Runtime.runStep(Runtime.java:300)
      	at cucumber.runtime.model.StepContainer.runStep(StepContainer.java:44)
      	at cucumber.runtime.model.StepContainer.runSteps(StepContainer.java:39)
      	at cucumber.runtime.model.CucumberScenario.run(CucumberScenario.java:44)
      	at cucumber.runtime.model.CucumberScenarioOutline.run(CucumberScenarioOutline.java:46)
      	at cucumber.runtime.model.CucumberFeature.run(CucumberFeature.java:165)
      	at cucumber.api.testng.TestNGCucumberRunner.runCucumber(TestNGCucumberRunner.java:63)
      	at cucumber.api.testng.AbstractTestNGCucumberTests.feature(AbstractTestNGCucumberTests.java:21)
      	at sun.reflect.NativeMethodAccessorImpl.invoke0(Native Method)
      	at sun.reflect.NativeMethodAccessorImpl.invoke(NativeMethodAccessorImpl.java:62)
      	at sun.reflect.DelegatingMethodAccessorImpl.invoke(DelegatingMethodAccessorImpl.java:43)
      	at java.lang.reflect.Method.invoke(Method.java:498)
      	at org.testng.internal.MethodInvocationHelper.invokeMethod(MethodInvocationHelper.java:108)
      	at org.testng.internal.Invoker.invokeMethod(Invoker.java:661)
      	at org.testng.internal.Invoker.invokeTestMethod(Invoker.java:869)
      	at org.testng.internal.Invoker.invokeTestMethods(Invoker.java:1193)
      	at org.testng.internal.TestMethodWorker.invokeTestMethods(TestMethodWorker.java:126)
      	at org.testng.internal.TestMethodWorker.run(TestMethodWorker.java:109)
      	at org.testng.TestRunner.privateRun(TestRunner.java:744)
      	at org.testng.TestRunner.run(TestRunner.java:602)
      	at org.testng.SuiteRunner.runTest(SuiteRunner.java:380)
      	at org.testng.SuiteRunner.runSequentially(SuiteRunner.java:375)
      	at org.testng.SuiteRunner.privateRun(SuiteRunner.java:340)
      	at org.testng.SuiteRunner.run(SuiteRunner.java:289)
      	at org.testng.SuiteRunnerWorker.runSuite(SuiteRunnerWorker.java:52)
      	at org.testng.SuiteRunnerWorker.run(SuiteRunnerWorker.java:86)
      	at org.testng.TestNG.runSuitesSequentially(TestNG.java:1301)
      	at org.testng.TestNG.runSuitesLocally(TestNG.java:1226)
      	at org.testng.TestNG.runSuites(TestNG.java:1144)
      	at org.testng.TestNG.run(TestNG.java:1115)
      	at org.apache.maven.surefire.testng.TestNGExecutor.run(TestNGExecutor.java:281)
      	at org.apache.maven.surefire.testng.TestNGXmlTestSuite.execute(TestNGXmlTestSuite.java:75)
      	at org.apache.maven.surefire.testng.TestNGProvider.invoke(TestNGProvider.java:121)
      	at org.apache.maven.surefire.booter.ForkedBooter.invokeProviderInSameClassLoader(ForkedBooter.java:290)
      	at org.apache.maven.surefire.booter.ForkedBooter.runSuitesInProcess(ForkedBooter.java:242)
      	at org.apache.maven.surefire.booter.ForkedBooter.main(ForkedBooter.java:121)
      Caused by: java.net.ConnectException: Connection refused: connect
      	at java.net.DualStackPlainSocketImpl.waitForConnect(Native Method)
      	at java.net.DualStackPlainSocketImpl.socketConnect(DualStackPlainSocketImpl.java:85)
      	at java.net.AbstractPlainSocketImpl.doConnect(AbstractPlainSocketImpl.java:350)
      	at java.net.AbstractPlainSocketImpl.connectToAddress(AbstractPlainSocketImpl.java:206)
      	at java.net.AbstractPlainSocketImpl.connect(AbstractPlainSocketImpl.java:188)
      	at java.net.PlainSocketImpl.connect(PlainSocketImpl.java:172)
      	at java.net.SocksSocketImpl.connect(SocksSocketImpl.java:392)
      	at java.net.Socket.connect(Socket.java:589)
      	at org.apache.http.conn.socket.PlainConnectionSocketFactory.connectSocket(PlainConnectionSocketFactory.java:74)
      	at org.apache.http.impl.conn.DefaultHttpClientConnectionOperator.connect(DefaultHttpClientConnectionOperator.java:141)
      	... 75 more

    And Customer enter "Mrs." , "test" , "testing" , "07809123456" , "07809123456" , "nn@gmail.com" , "nn@gmail.com" , # PaymentStepdefinitions.customer_enter(String,String,String,String,String,String,String)
]]></system-out>
  </testcase>
</testsuite>